<?xml version="1.0" encoding="UTF-8"?>
<!-- Generated by org.testng.reporters.JUnitReportReporter -->
<testsuite hostname="MacBooks-MacBook-Pro-2.local" failures="0" tests="1" name="com.avenuee.tests.VerifyTestCasesTest" time="1.929" errors="0" timestamp="2023-08-19T11:05:04 CEST" skipped="0">
  <testcase classname="com.avenuee.tests.VerifyTestCasesTest" name="VerifyTestCase" time="1.929"/>
  <system-out/>
</testsuite> <!-- com.avenuee.tests.VerifyTestCasesTest -->
